<?xml version="1.0" encoding="UTF-8"?>
<robot generator="Robot 6.1.1 (Python 3.13.5 on darwin)" generated="20251113 12:56:54.831" rpa="false" schemaversion="4">
<suite id="s1" name="Tests" source="/Users/vilmavartiainen/kurssit/ohjelmistotuotanto/palautusrepositorio/osa3/login-robot/src/tests">
<suite id="s1-s1" name="Login" source="/Users/vilmavartiainen/kurssit/ohjelmistotuotanto/palautusrepositorio/osa3/login-robot/src/tests/login.robot">
<test id="s1-s1-t1" name="Login With Correct Credentials" line="6">
<kw name="Create User And Input Login Command" type="SETUP">
<kw name="Input Login Command" library="resource">
<kw name="Input" library="AppLibrary">
<arg>login</arg>
<status status="PASS" starttime="20251113 12:56:54.842" endtime="20251113 12:56:54.842"/>
</kw>
<status status="PASS" starttime="20251113 12:56:54.842" endtime="20251113 12:56:54.842"/>
</kw>
<kw name="Create User" library="AppLibrary">
<arg>kalle</arg>
<arg>kalle123</arg>
<msg timestamp="20251113 12:56:54.842" level="INFO">OK</msg>
<status status="PASS" starttime="20251113 12:56:54.842" endtime="20251113 12:56:54.842"/>
</kw>
<status status="PASS" starttime="20251113 12:56:54.842" endtime="20251113 12:56:54.842"/>
</kw>
<kw name="Input Credentials" library="resource">
<arg>kalle</arg>
<arg>kalle123</arg>
<kw name="Input" library="AppLibrary">
<arg>${username}</arg>
<status status="PASS" starttime="20251113 12:56:54.842" endtime="20251113 12:56:54.843"/>
</kw>
<kw name="Input" library="AppLibrary">
<arg>${password}</arg>
<status status="PASS" starttime="20251113 12:56:54.843" endtime="20251113 12:56:54.843"/>
</kw>
<kw name="Run Application" library="AppLibrary">
<status status="PASS" starttime="20251113 12:56:54.843" endtime="20251113 12:56:54.843"/>
</kw>
<status status="PASS" starttime="20251113 12:56:54.842" endtime="20251113 12:56:54.843"/>
</kw>
<kw name="Output Should Contain" library="AppLibrary">
<arg>Logged in</arg>
<status status="PASS" starttime="20251113 12:56:54.843" endtime="20251113 12:56:54.843"/>
</kw>
<status status="PASS" starttime="20251113 12:56:54.842" endtime="20251113 12:56:54.843"/>
</test>
<test id="s1-s1-t2" name="Login With Incorrect Password" line="10">
<kw name="Create User And Input Login Command" type="SETUP">
<kw name="Input Login Command" library="resource">
<kw name="Input" library="AppLibrary">
<arg>login</arg>
<status status="PASS" starttime="20251113 12:56:54.843" endtime="20251113 12:56:54.843"/>
</kw>
<status status="PASS" starttime="20251113 12:56:54.843" endtime="20251113 12:56:54.843"/>
</kw>
<kw name="Create User" library="AppLibrary">
<arg>kalle</arg>
<arg>kalle123</arg>
<msg timestamp="20251113 12:56:54.843" level="INFO">OK</msg>
<status status="PASS" starttime="20251113 12:56:54.843" endtime="20251113 12:56:54.843"/>
</kw>
<status status="PASS" starttime="20251113 12:56:54.843" endtime="20251113 12:56:54.843"/>
</kw>
<kw name="Input Credentials" library="resource">
<arg>kalle</arg>
<arg>kalle122</arg>
<kw name="Input" library="AppLibrary">
<arg>${username}</arg>
<status status="PASS" starttime="20251113 12:56:54.843" endtime="20251113 12:56:54.843"/>
</kw>
<kw name="Input" library="AppLibrary">
<arg>${password}</arg>
<status status="PASS" starttime="20251113 12:56:54.843" endtime="20251113 12:56:54.843"/>
</kw>
<kw name="Run Application" library="AppLibrary">
<status status="PASS" starttime="20251113 12:56:54.843" endtime="20251113 12:56:54.844"/>
</kw>
<status status="PASS" starttime="20251113 12:56:54.843" endtime="20251113 12:56:54.844"/>
</kw>
<kw name="Output Should Contain" library="AppLibrary">
<arg>Invalid username or password</arg>
<status status="PASS" starttime="20251113 12:56:54.844" endtime="20251113 12:56:54.844"/>
</kw>
<status status="PASS" starttime="20251113 12:56:54.843" endtime="20251113 12:56:54.844"/>
</test>
<test id="s1-s1-t3" name="Login With Nonexistent Username" line="14">
<kw name="Create User And Input Login Command" type="SETUP">
<kw name="Input Login Command" library="resource">
<kw name="Input" library="AppLibrary">
<arg>login</arg>
<status status="PASS" starttime="20251113 12:56:54.844" endtime="20251113 12:56:54.844"/>
</kw>
<status status="PASS" starttime="20251113 12:56:54.844" endtime="20251113 12:56:54.844"/>
</kw>
<kw name="Create User" library="AppLibrary">
<arg>kalle</arg>
<arg>kalle123</arg>
<msg timestamp="20251113 12:56:54.844" level="INFO">OK</msg>
<status status="PASS" starttime="20251113 12:56:54.844" endtime="20251113 12:56:54.844"/>
</kw>
<status status="PASS" starttime="20251113 12:56:54.844" endtime="20251113 12:56:54.844"/>
</kw>
<kw name="Input Credentials" library="resource">
<arg>kallu</arg>
<arg>kalle123</arg>
<kw name="Input" library="AppLibrary">
<arg>${username}</arg>
<status status="PASS" starttime="20251113 12:56:54.844" endtime="20251113 12:56:54.844"/>
</kw>
<kw name="Input" library="AppLibrary">
<arg>${password}</arg>
<status status="PASS" starttime="20251113 12:56:54.844" endtime="20251113 12:56:54.844"/>
</kw>
<kw name="Run Application" library="AppLibrary">
<status status="PASS" starttime="20251113 12:56:54.844" endtime="20251113 12:56:54.844"/>
</kw>
<status status="PASS" starttime="20251113 12:56:54.844" endtime="20251113 12:56:54.844"/>
</kw>
<kw name="Output Should Contain" library="AppLibrary">
<arg>Invalid username or password</arg>
<status status="PASS" starttime="20251113 12:56:54.844" endtime="20251113 12:56:54.844"/>
</kw>
<status status="PASS" starttime="20251113 12:56:54.844" endtime="20251113 12:56:54.844"/>
</test>
<status status="PASS" starttime="20251113 12:56:54.840" endtime="20251113 12:56:54.844"/>
</suite>
<suite id="s1-s2" name="Register" source="/Users/vilmavartiainen/kurssit/ohjelmistotuotanto/palautusrepositorio/osa3/login-robot/src/tests/register.robot">
<test id="s1-s2-t1" name="Register With Valid Username And Password" line="7">
<kw name="Create User And Input New Command" type="SETUP">
<kw name="Input New Command" library="resource">
<kw name="Input" library="AppLibrary">
<arg>new</arg>
<status status="PASS" starttime="20251113 12:56:54.846" endtime="20251113 12:56:54.846"/>
</kw>
<status status="PASS" starttime="20251113 12:56:54.846" endtime="20251113 12:56:54.846"/>
</kw>
<kw name="Create User" library="AppLibrary">
<arg>kalle</arg>
<arg>kalle123</arg>
<msg timestamp="20251113 12:56:54.846" level="INFO">OK</msg>
<status status="PASS" starttime="20251113 12:56:54.846" endtime="20251113 12:56:54.846"/>
</kw>
<status status="PASS" starttime="20251113 12:56:54.845" endtime="20251113 12:56:54.846"/>
</kw>
<kw name="Input Credentials" library="resource">
<arg>maija</arg>
<arg>ljkv823r9y8fer</arg>
<kw name="Input" library="AppLibrary">
<arg>${username}</arg>
<status status="PASS" starttime="20251113 12:56:54.846" endtime="20251113 12:56:54.846"/>
</kw>
<kw name="Input" library="AppLibrary">
<arg>${password}</arg>
<status status="PASS" starttime="20251113 12:56:54.846" endtime="20251113 12:56:54.846"/>
</kw>
<kw name="Run Application" library="AppLibrary">
<msg timestamp="20251113 12:56:54.846" level="INFO">OK</msg>
<status status="PASS" starttime="20251113 12:56:54.846" endtime="20251113 12:56:54.846"/>
</kw>
<status status="PASS" starttime="20251113 12:56:54.846" endtime="20251113 12:56:54.846"/>
</kw>
<kw name="Output Should Contain" library="AppLibrary">
<arg>New user registered</arg>
<status status="PASS" starttime="20251113 12:56:54.846" endtime="20251113 12:56:54.846"/>
</kw>
<status status="PASS" starttime="20251113 12:56:54.845" endtime="20251113 12:56:54.846"/>
</test>
<test id="s1-s2-t2" name="Register With Already Taken Username And Valid Password" line="11">
<kw name="Create User And Input New Command" type="SETUP">
<kw name="Input New Command" library="resource">
<kw name="Input" library="AppLibrary">
<arg>new</arg>
<status status="PASS" starttime="20251113 12:56:54.846" endtime="20251113 12:56:54.846"/>
</kw>
<status status="PASS" starttime="20251113 12:56:54.846" endtime="20251113 12:56:54.846"/>
</kw>
<kw name="Create User" library="AppLibrary">
<arg>kalle</arg>
<arg>kalle123</arg>
<msg timestamp="20251113 12:56:54.846" level="INFO">OK</msg>
<status status="PASS" starttime="20251113 12:56:54.846" endtime="20251113 12:56:54.846"/>
</kw>
<status status="PASS" starttime="20251113 12:56:54.846" endtime="20251113 12:56:54.846"/>
</kw>
<kw name="Input Credentials" library="resource">
<arg>kalle</arg>
<arg>ue7re78fbhv</arg>
<kw name="Input" library="AppLibrary">
<arg>${username}</arg>
<status status="PASS" starttime="20251113 12:56:54.847" endtime="20251113 12:56:54.847"/>
</kw>
<kw name="Input" library="AppLibrary">
<arg>${password}</arg>
<status status="PASS" starttime="20251113 12:56:54.847" endtime="20251113 12:56:54.847"/>
</kw>
<kw name="Run Application" library="AppLibrary">
<msg timestamp="20251113 12:56:54.847" level="INFO">OK</msg>
<status status="PASS" starttime="20251113 12:56:54.847" endtime="20251113 12:56:54.847"/>
</kw>
<status status="PASS" starttime="20251113 12:56:54.846" endtime="20251113 12:56:54.847"/>
</kw>
<kw name="Output Should Contain" library="AppLibrary">
<arg>User with username kalle already exists</arg>
<status status="PASS" starttime="20251113 12:56:54.847" endtime="20251113 12:56:54.847"/>
</kw>
<status status="PASS" starttime="20251113 12:56:54.846" endtime="20251113 12:56:54.847"/>
</test>
<test id="s1-s2-t3" name="Register With Too Short Username And Valid Password" line="15">
<kw name="Create User And Input New Command" type="SETUP">
<kw name="Input New Command" library="resource">
<kw name="Input" library="AppLibrary">
<arg>new</arg>
<status status="PASS" starttime="20251113 12:56:54.847" endtime="20251113 12:56:54.847"/>
</kw>
<status status="PASS" starttime="20251113 12:56:54.847" endtime="20251113 12:56:54.847"/>
</kw>
<kw name="Create User" library="AppLibrary">
<arg>kalle</arg>
<arg>kalle123</arg>
<msg timestamp="20251113 12:56:54.847" level="INFO">OK</msg>
<status status="PASS" starttime="20251113 12:56:54.847" endtime="20251113 12:56:54.847"/>
</kw>
<status status="PASS" starttime="20251113 12:56:54.847" endtime="20251113 12:56:54.847"/>
</kw>
<kw name="Input Credentials" library="resource">
<arg>kai</arg>
<arg>asdfgh56chj</arg>
<kw name="Input" library="AppLibrary">
<arg>${username}</arg>
<status status="PASS" starttime="20251113 12:56:54.847" endtime="20251113 12:56:54.847"/>
</kw>
<kw name="Input" library="AppLibrary">
<arg>${password}</arg>
<status status="PASS" starttime="20251113 12:56:54.847" endtime="20251113 12:56:54.847"/>
</kw>
<kw name="Run Application" library="AppLibrary">
<status status="PASS" starttime="20251113 12:56:54.847" endtime="20251113 12:56:54.847"/>
</kw>
<status status="PASS" starttime="20251113 12:56:54.847" endtime="20251113 12:56:54.847"/>
</kw>
<kw name="Output Should Contain" library="AppLibrary">
<arg>Username must be longer than 3 characters</arg>
<status status="PASS" starttime="20251113 12:56:54.847" endtime="20251113 12:56:54.847"/>
</kw>
<status status="PASS" starttime="20251113 12:56:54.847" endtime="20251113 12:56:54.847"/>
</test>
<test id="s1-s2-t4" name="Register With Enough Long But Invalid Username And Valid Password" line="19">
<kw name="Create User And Input New Command" type="SETUP">
<kw name="Input New Command" library="resource">
<kw name="Input" library="AppLibrary">
<arg>new</arg>
<status status="PASS" starttime="20251113 12:56:54.848" endtime="20251113 12:56:54.848"/>
</kw>
<status status="PASS" starttime="20251113 12:56:54.848" endtime="20251113 12:56:54.848"/>
</kw>
<kw name="Create User" library="AppLibrary">
<arg>kalle</arg>
<arg>kalle123</arg>
<msg timestamp="20251113 12:56:54.848" level="INFO">OK</msg>
<status status="PASS" starttime="20251113 12:56:54.848" endtime="20251113 12:56:54.848"/>
</kw>
<status status="PASS" starttime="20251113 12:56:54.848" endtime="20251113 12:56:54.848"/>
</kw>
<kw name="Input Credentials" library="resource">
<arg>nallepuh1</arg>
<arg>asdfgh56chj</arg>
<kw name="Input" library="AppLibrary">
<arg>${username}</arg>
<status status="PASS" starttime="20251113 12:56:54.848" endtime="20251113 12:56:54.848"/>
</kw>
<kw name="Input" library="AppLibrary">
<arg>${password}</arg>
<status status="PASS" starttime="20251113 12:56:54.848" endtime="20251113 12:56:54.848"/>
</kw>
<kw name="Run Application" library="AppLibrary">
<status status="PASS" starttime="20251113 12:56:54.848" endtime="20251113 12:56:54.848"/>
</kw>
<status status="PASS" starttime="20251113 12:56:54.848" endtime="20251113 12:56:54.848"/>
</kw>
<kw name="Output Should Contain" library="AppLibrary">
<arg>Username should only contain letters</arg>
<status status="PASS" starttime="20251113 12:56:54.848" endtime="20251113 12:56:54.848"/>
</kw>
<status status="PASS" starttime="20251113 12:56:54.847" endtime="20251113 12:56:54.848"/>
</test>
<test id="s1-s2-t5" name="Register With Valid Username And Too Short Password" line="23">
<kw name="Create User And Input New Command" type="SETUP">
<kw name="Input New Command" library="resource">
<kw name="Input" library="AppLibrary">
<arg>new</arg>
<status status="PASS" starttime="20251113 12:56:54.848" endtime="20251113 12:56:54.848"/>
</kw>
<status status="PASS" starttime="20251113 12:56:54.848" endtime="20251113 12:56:54.848"/>
</kw>
<kw name="Create User" library="AppLibrary">
<arg>kalle</arg>
<arg>kalle123</arg>
<msg timestamp="20251113 12:56:54.848" level="INFO">OK</msg>
<status status="PASS" starttime="20251113 12:56:54.848" endtime="20251113 12:56:54.848"/>
</kw>
<status status="PASS" starttime="20251113 12:56:54.848" endtime="20251113 12:56:54.848"/>
</kw>
<kw name="Input Credentials" library="resource">
<arg>nallepuh</arg>
<arg>asd123</arg>
<kw name="Input" library="AppLibrary">
<arg>${username}</arg>
<status status="PASS" starttime="20251113 12:56:54.849" endtime="20251113 12:56:54.849"/>
</kw>
<kw name="Input" library="AppLibrary">
<arg>${password}</arg>
<status status="PASS" starttime="20251113 12:56:54.849" endtime="20251113 12:56:54.849"/>
</kw>
<kw name="Run Application" library="AppLibrary">
<msg timestamp="20251113 12:56:54.849" level="INFO">OK</msg>
<status status="PASS" starttime="20251113 12:56:54.849" endtime="20251113 12:56:54.849"/>
</kw>
<status status="PASS" starttime="20251113 12:56:54.849" endtime="20251113 12:56:54.849"/>
</kw>
<kw name="Output Should Contain" library="AppLibrary">
<arg>Password must be longer than 8 character</arg>
<status status="PASS" starttime="20251113 12:56:54.849" endtime="20251113 12:56:54.849"/>
</kw>
<status status="PASS" starttime="20251113 12:56:54.848" endtime="20251113 12:56:54.849"/>
</test>
<test id="s1-s2-t6" name="Register With Valid Username And Long Enough Password Containing Only Letters" line="27">
<kw name="Create User And Input New Command" type="SETUP">
<kw name="Input New Command" library="resource">
<kw name="Input" library="AppLibrary">
<arg>new</arg>
<status status="PASS" starttime="20251113 12:56:54.849" endtime="20251113 12:56:54.849"/>
</kw>
<status status="PASS" starttime="20251113 12:56:54.849" endtime="20251113 12:56:54.849"/>
</kw>
<kw name="Create User" library="AppLibrary">
<arg>kalle</arg>
<arg>kalle123</arg>
<msg timestamp="20251113 12:56:54.849" level="INFO">OK</msg>
<status status="PASS" starttime="20251113 12:56:54.849" endtime="20251113 12:56:54.849"/>
</kw>
<status status="PASS" starttime="20251113 12:56:54.849" endtime="20251113 12:56:54.849"/>
</kw>
<kw name="Input Credentials" library="resource">
<arg>nallepuh</arg>
<arg>asdfghjklö</arg>
<kw name="Input" library="AppLibrary">
<arg>${username}</arg>
<status status="PASS" starttime="20251113 12:56:54.849" endtime="20251113 12:56:54.849"/>
</kw>
<kw name="Input" library="AppLibrary">
<arg>${password}</arg>
<status status="PASS" starttime="20251113 12:56:54.849" endtime="20251113 12:56:54.849"/>
</kw>
<kw name="Run Application" library="AppLibrary">
<msg timestamp="20251113 12:56:54.849" level="INFO">OK</msg>
<status status="PASS" starttime="20251113 12:56:54.849" endtime="20251113 12:56:54.849"/>
</kw>
<status status="PASS" starttime="20251113 12:56:54.849" endtime="20251113 12:56:54.849"/>
</kw>
<kw name="Output Should Contain" library="AppLibrary">
<arg>Password must contain both letters and numbers</arg>
<status status="PASS" starttime="20251113 12:56:54.849" endtime="20251113 12:56:54.849"/>
</kw>
<status status="PASS" starttime="20251113 12:56:54.849" endtime="20251113 12:56:54.850"/>
</test>
<status status="PASS" starttime="20251113 12:56:54.845" endtime="20251113 12:56:54.850"/>
</suite>
<status status="PASS" starttime="20251113 12:56:54.832" endtime="20251113 12:56:54.850"/>
</suite>
<statistics>
<total>
<stat pass="9" fail="0" skip="0">All Tests</stat>
</total>
<tag>
</tag>
<suite>
<stat pass="9" fail="0" skip="0" id="s1" name="Tests">Tests</stat>
<stat pass="3" fail="0" skip="0" id="s1-s1" name="Login">Tests.Login</stat>
<stat pass="6" fail="0" skip="0" id="s1-s2" name="Register">Tests.Register</stat>
</suite>
</statistics>
<errors>
</errors>
</robot>
